<?xml version="1.0" ?>
<!DOCTYPE coverage
  SYSTEM 'http://cobertura.sourceforge.net/xml/coverage-03.dtd'>
<coverage branch-rate="0" line-rate="0.8462" timestamp="1436689418316" version="4.0a6">
	<!-- Generated by coverage.py: https://coverage.readthedocs.org/en/4.0a6 -->
	<sources>
		<source>/home/pebers/git/please/plz-out/tmp/src/build/python/pex_test.test</source>
	</sources>
	<packages>
		<package branch-rate="0" complexity="0" line-rate="1" name="src">
			<classes>
				<class branch-rate="0" complexity="0" filename="src/__init__.py" line-rate="1" name="__init__.py">
					<methods/>
					<lines>
						<line hits="1" number="1"/>
					</lines>
				</class>
			</classes>
		</package>
		<package branch-rate="0" complexity="0" line-rate="1" name="src.build">
			<classes>
				<class branch-rate="0" complexity="0" filename="src/build/__init__.py" line-rate="1" name="__init__.py">
					<methods/>
					<lines>
						<line hits="1" number="1"/>
					</lines>
				</class>
			</classes>
		</package>
		<package branch-rate="0" complexity="0" line-rate="0.8182" name="src.build.python">
			<classes>
				<class branch-rate="0" complexity="0" filename="src/build/python/__init__.py" line-rate="1" name="__init__.py">
					<methods/>
					<lines>
						<line hits="1" number="1"/>
					</lines>
				</class>
				<class branch-rate="0" complexity="0" filename="src/build/python/pex_test.py" line-rate="0.8" name="pex_test.py">
					<methods/>
					<lines>
						<line hits="1" number="3"/>
						<line hits="1" number="6"/>
						<line hits="1" number="8"/>
						<line hits="1" number="10"/>
						<line hits="1" number="12"/>
						<line hits="0" number="15"/>
						<line hits="1" number="17"/>
						<line hits="1" number="20"/>
						<line hits="1" number="23"/>
						<line hits="0" number="24"/>
					</lines>
				</class>
			</classes>
		</package>
	</packages>
</coverage>
